5CTA/android-support-v7-appcompat/build/outputs/logs/manifest-merger-debug-report.txt
-- Merging decision tree log ---
manifest
ADDED from 5CTA\android-support-v7-appcompat\AndroidManifest.xml:16:1-20:12
INJECTED from 5CTA\android-support-v7-appcompat\AndroidManifest.xml:16:1-20:12
INJECTED from 5CTA\android-support-v7-appcompat\AndroidManifest.xml:16:1-20:12
	package
		ADDED from 5CTA\android-support-v7-appcompat\AndroidManifest.xml:17:11-49
		INJECTED from 5CTA\android-support-v7-appcompat\AndroidManifest.xml
		INJECTED from 5CTA\android-support-v7-appcompat\AndroidManifest.xml
	xmlns:android
		ADDED from 5CTA\android-support-v7-appcompat\AndroidManifest.xml:16:11-69
uses-sdk
ADDED from 5CTA\android-support-v7-appcompat\AndroidManifest.xml:18:5-42
	android:minSdkVersion
		ADDED from 5CTA\android-support-v7-appcompat\AndroidManifest.xml:18:15-40
application
ADDED from 5CTA\android-support-v7-appcompat\AndroidManifest.xml:19:5-20